[33mWARNING[0m:  [05-02-2025 22:19:19] chroma_server_nofile is not supported on Windows. chroma_server_nofile will not be set.
[32mINFO[0m:     [05-02-2025 22:19:20] Anonymized telemetry enabled. See                     https://docs.trychroma.com/telemetry for more information.
[36mDEBUG[0m:    [05-02-2025 22:19:20] Starting component System
[36mDEBUG[0m:    [05-02-2025 22:19:20] Starting component OpenTelemetryClient
[36mDEBUG[0m:    [05-02-2025 22:19:20] Starting component SqliteDB
[36mDEBUG[0m:    [05-02-2025 22:19:20] Starting component SimpleQuotaEnforcer
[36mDEBUG[0m:    [05-02-2025 22:19:20] Starting component Posthog
[36mDEBUG[0m:    [05-02-2025 22:19:20] Starting component SimpleRateLimitEnforcer
[36mDEBUG[0m:    [05-02-2025 22:19:20] Starting component LocalSegmentManager
[36mDEBUG[0m:    [05-02-2025 22:19:20] Starting component LocalExecutor
[36mDEBUG[0m:    [05-02-2025 22:19:20] Starting component SegmentAPI
[36mDEBUG[0m:    [05-02-2025 22:19:20] Starting component SimpleAsyncRateLimitEnforcer
[32mINFO[0m:     [05-02-2025 22:19:20] Started server process [[36m21944[0m]
[32mINFO[0m:     [05-02-2025 22:19:20] Waiting for application startup.
[32mINFO[0m:     [05-02-2025 22:19:20] Application startup complete.
[32mINFO[0m:     [05-02-2025 22:19:21] Uvicorn running on [1mhttp://localhost:8000[0m (Press CTRL+C to quit)
[32mINFO[0m:     [05-02-2025 22:19:25] ::1:56070 - "GET / HTTP/1.1" 404
[32mINFO[0m:     [05-02-2025 22:21:11] ::1:56080 - "GET /api/v2/tenants/default_tenant HTTP/1.1" 200
[32mINFO[0m:     [05-02-2025 22:21:11] ::1:56081 - "GET /api/v2/tenants/default_tenant/databases/default_database HTTP/1.1" 200
[32mINFO[0m:     [05-02-2025 22:21:11] ::1:56080 - "POST /api/v2/tenants/default_tenant/databases/default_database/collections HTTP/1.1" 400
[32mINFO[0m:     [05-02-2025 22:21:19] ::1:56084 - "GET /api/v2/tenants/default_tenant HTTP/1.1" 200
[32mINFO[0m:     [05-02-2025 22:21:19] ::1:56085 - "GET /api/v2/tenants/default_tenant/databases/default_database HTTP/1.1" 200
[32mINFO[0m:     [05-02-2025 22:21:19] ::1:56084 - "POST /api/v2/tenants/default_tenant/databases/default_database/collections HTTP/1.1" 400
[32mINFO[0m:     [05-02-2025 22:22:44] ::1:56099 - "GET /api/v2/tenants/default_tenant HTTP/1.1" 200
[32mINFO[0m:     [05-02-2025 22:22:44] ::1:56100 - "GET /api/v2/tenants/default_tenant/databases/default_database HTTP/1.1" 200
[32mINFO[0m:     [05-02-2025 22:22:44] ::1:56099 - "POST /api/v2/tenants/default_tenant/databases/default_database/collections HTTP/1.1" 400
[32mINFO[0m:     [05-02-2025 22:23:01] ::1:56104 - "GET /api/v2/tenants/default_tenant HTTP/1.1" 200
[32mINFO[0m:     [05-02-2025 22:23:01] ::1:56105 - "GET /api/v2/tenants/default_tenant/databases/default_database HTTP/1.1" 200
[32mINFO[0m:     [05-02-2025 22:23:01] ::1:56104 - "GET /api/v2/tenants/default_tenant/databases/default_database/collections/documents HTTP/1.1" 400
[32mINFO[0m:     [05-02-2025 22:23:01] ::1:56105 - "POST /api/v2/tenants/default_tenant/databases/default_database/collections HTTP/1.1" 400
[32mINFO[0m:     [05-02-2025 22:23:04] ::1:56106 - "GET /api/v2/tenants/default_tenant HTTP/1.1" 200
[32mINFO[0m:     [05-02-2025 22:23:04] ::1:56107 - "GET /api/v2/tenants/default_tenant/databases/default_database HTTP/1.1" 200
[32mINFO[0m:     [05-02-2025 22:23:04] ::1:56106 - "GET /api/v2/tenants/default_tenant/databases/default_database/collections/documents HTTP/1.1" 400
[32mINFO[0m:     [05-02-2025 22:23:04] ::1:56107 - "POST /api/v2/tenants/default_tenant/databases/default_database/collections HTTP/1.1" 400
[32mINFO[0m:     [05-02-2025 22:23:55] ::1:56118 - "GET /api/v2/tenants/default_tenant HTTP/1.1" 200
[32mINFO[0m:     [05-02-2025 22:23:55] ::1:56119 - "GET /api/v2/tenants/default_tenant/databases/default_database HTTP/1.1" 200
[32mINFO[0m:     [05-02-2025 22:23:55] ::1:56118 - "GET /api/v2/tenants/default_tenant/databases/default_database/collections/documents HTTP/1.1" 400
[32mINFO[0m:     [05-02-2025 22:23:55] ::1:56119 - "POST /api/v2/tenants/default_tenant/databases/default_database/collections HTTP/1.1" 200
[32mINFO[0m:     [05-02-2025 23:04:10] Shutting down
[32mINFO[0m:     [05-02-2025 23:04:10] Waiting for application shutdown.
[36mDEBUG[0m:    [05-02-2025 23:04:10] Stopping component System
[36mDEBUG[0m:    [05-02-2025 23:04:10] Stopping component SegmentAPI
[36mDEBUG[0m:    [05-02-2025 23:04:10] Stopping component LocalExecutor
[36mDEBUG[0m:    [05-02-2025 23:04:10] Stopping component LocalSegmentManager
[36mDEBUG[0m:    [05-02-2025 23:04:10] Stopping component SimpleAsyncRateLimitEnforcer
[36mDEBUG[0m:    [05-02-2025 23:04:10] Stopping component SimpleRateLimitEnforcer
[36mDEBUG[0m:    [05-02-2025 23:04:10] Stopping component Posthog
[36mDEBUG[0m:    [05-02-2025 23:04:10] Stopping component SimpleQuotaEnforcer
[36mDEBUG[0m:    [05-02-2025 23:04:10] Stopping component SqliteDB
[36mDEBUG[0m:    [05-02-2025 23:04:11] Stopping component OpenTelemetryClient
[32mINFO[0m:     [05-02-2025 23:04:11] Application shutdown complete.
[32mINFO[0m:     [05-02-2025 23:04:11] Finished server process [[36m21944[0m]
[33mWARNING[0m:  [05-02-2025 23:04:25] chroma_server_nofile is not supported on Windows. chroma_server_nofile will not be set.
[32mINFO[0m:     [05-02-2025 23:04:25] Anonymized telemetry enabled. See                     https://docs.trychroma.com/telemetry for more information.
[36mDEBUG[0m:    [05-02-2025 23:04:25] Starting component System
[36mDEBUG[0m:    [05-02-2025 23:04:25] Starting component OpenTelemetryClient
[36mDEBUG[0m:    [05-02-2025 23:04:25] Starting component SqliteDB
[36mDEBUG[0m:    [05-02-2025 23:04:25] Starting component SimpleQuotaEnforcer
[36mDEBUG[0m:    [05-02-2025 23:04:25] Starting component Posthog
[36mDEBUG[0m:    [05-02-2025 23:04:25] Starting component SimpleRateLimitEnforcer
[36mDEBUG[0m:    [05-02-2025 23:04:25] Starting component LocalSegmentManager
[36mDEBUG[0m:    [05-02-2025 23:04:25] Starting component LocalExecutor
[36mDEBUG[0m:    [05-02-2025 23:04:25] Starting component SegmentAPI
[36mDEBUG[0m:    [05-02-2025 23:04:25] Starting component SimpleAsyncRateLimitEnforcer
[32mINFO[0m:     [05-02-2025 23:04:26] Started server process [[36m4408[0m]
[32mINFO[0m:     [05-02-2025 23:04:26] Waiting for application startup.
[32mINFO[0m:     [05-02-2025 23:04:26] Application startup complete.
[32mINFO[0m:     [05-02-2025 23:04:26] Uvicorn running on [1mhttp://localhost:8000[0m (Press CTRL+C to quit)
[33mWARNING[0m:  [07-02-2025 20:19:16] chroma_server_nofile is not supported on Windows. chroma_server_nofile will not be set.
[32mINFO[0m:     [07-02-2025 20:19:17] Anonymized telemetry enabled. See                     https://docs.trychroma.com/telemetry for more information.
[36mDEBUG[0m:    [07-02-2025 20:19:17] Starting component System
[36mDEBUG[0m:    [07-02-2025 20:19:17] Starting component OpenTelemetryClient
[36mDEBUG[0m:    [07-02-2025 20:19:17] Starting component SqliteDB
[36mDEBUG[0m:    [07-02-2025 20:19:17] Starting component SimpleQuotaEnforcer
[36mDEBUG[0m:    [07-02-2025 20:19:17] Starting component Posthog
[36mDEBUG[0m:    [07-02-2025 20:19:17] Starting component SimpleRateLimitEnforcer
[36mDEBUG[0m:    [07-02-2025 20:19:17] Starting component LocalSegmentManager
[36mDEBUG[0m:    [07-02-2025 20:19:17] Starting component LocalExecutor
[36mDEBUG[0m:    [07-02-2025 20:19:17] Starting component SegmentAPI
[36mDEBUG[0m:    [07-02-2025 20:19:17] Starting component SimpleAsyncRateLimitEnforcer
[32mINFO[0m:     [07-02-2025 20:19:17] Started server process [[36m15068[0m]
[32mINFO[0m:     [07-02-2025 20:19:17] Waiting for application startup.
[32mINFO[0m:     [07-02-2025 20:19:17] Application startup complete.
[32mINFO[0m:     [07-02-2025 20:19:17] Uvicorn running on [1mhttp://localhost:8000[0m (Press CTRL+C to quit)
[32mINFO[0m:     [07-02-2025 20:23:33] ::1:52046 - "GET /api/v2/tenants/default_tenant HTTP/1.1" 200
[32mINFO[0m:     [07-02-2025 20:23:33] ::1:52047 - "GET /api/v2/tenants/default_tenant/databases/default_database HTTP/1.1" 200
[32mINFO[0m:     [07-02-2025 20:23:33] ::1:52046 - "POST /api/v2/tenants/default_tenant/databases/default_database/collections HTTP/1.1" 200
[36mDEBUG[0m:    [07-02-2025 20:23:43] Starting component PersistentLocalHnswSegment
[32mINFO[0m:     [07-02-2025 20:23:43] ::1:52053 - "POST /api/v2/tenants/default_tenant/databases/default_database/collections/923c3280-df71-4399-8957-380b6a4ce88f/add HTTP/1.1" 201
[32mINFO[0m:     [07-02-2025 20:23:44] ::1:52053 - "POST /api/v2/tenants/default_tenant/databases/default_database/collections/923c3280-df71-4399-8957-380b6a4ce88f/query HTTP/1.1" 200
[32mINFO[0m:     [07-02-2025 20:24:10] ::1:52063 - "GET /api/v2/tenants/default_tenant HTTP/1.1" 200
[32mINFO[0m:     [07-02-2025 20:24:10] ::1:52064 - "GET /api/v2/tenants/default_tenant/databases/default_database HTTP/1.1" 200
[32mINFO[0m:     [07-02-2025 20:24:10] ::1:52063 - "POST /api/v2/tenants/default_tenant/databases/default_database/collections HTTP/1.1" 409
[32mINFO[0m:     [07-02-2025 20:24:22] ::1:52065 - "GET /api/v2/tenants/default_tenant HTTP/1.1" 200
[32mINFO[0m:     [07-02-2025 20:24:22] ::1:52066 - "GET /api/v2/tenants/default_tenant/databases/default_database HTTP/1.1" 200
[32mINFO[0m:     [07-02-2025 20:24:22] ::1:52065 - "POST /api/v2/tenants/default_tenant/databases/default_database/collections HTTP/1.1" 409
[32mINFO[0m:     [07-02-2025 20:24:47] ::1:52084 - "GET /api/v2/tenants/default_tenant HTTP/1.1" 200
[32mINFO[0m:     [07-02-2025 20:24:47] ::1:52085 - "GET /api/v2/tenants/default_tenant/databases/default_database HTTP/1.1" 200
[32mINFO[0m:     [07-02-2025 20:24:47] ::1:52084 - "POST /api/v2/tenants/default_tenant/databases/default_database/collections HTTP/1.1" 409
[32mINFO[0m:     [07-02-2025 20:35:40] ::1:52163 - "GET /api/v2/tenants/default_tenant HTTP/1.1" 200
[32mINFO[0m:     [07-02-2025 20:35:40] ::1:52164 - "GET /api/v2/tenants/default_tenant/databases/default_database HTTP/1.1" 200
[32mINFO[0m:     [07-02-2025 20:35:40] ::1:52163 - "GET /api/v2/tenants/default_tenant/databases/default_database/collections HTTP/1.1" 200
[32mINFO[0m:     [07-02-2025 20:35:57] ::1:52165 - "GET /api/v2/tenants/default_tenant HTTP/1.1" 200
[32mINFO[0m:     [07-02-2025 20:35:58] ::1:52166 - "GET /api/v2/tenants/default_tenant/databases/default_database HTTP/1.1" 200
[32mINFO[0m:     [07-02-2025 20:35:58] ::1:52165 - "POST /api/v2/tenants/default_tenant/databases/default_database/collections HTTP/1.1" 200
[36mDEBUG[0m:    [07-02-2025 20:35:58] Starting component PersistentLocalHnswSegment
[32mINFO[0m:     [07-02-2025 20:35:58] ::1:52165 - "POST /api/v2/tenants/default_tenant/databases/default_database/collections/2ce72c31-02e5-45da-841e-e0d62e74b777/add HTTP/1.1" 201
[32mINFO[0m:     [07-02-2025 20:35:59] ::1:52165 - "POST /api/v2/tenants/default_tenant/databases/default_database/collections/2ce72c31-02e5-45da-841e-e0d62e74b777/query HTTP/1.1" 200
[32mINFO[0m:     [07-02-2025 20:49:08] ::1:52252 - "GET /api/v2/tenants/default_tenant HTTP/1.1" 200
[32mINFO[0m:     [07-02-2025 20:49:08] ::1:52253 - "GET /api/v2/tenants/default_tenant/databases/default_database HTTP/1.1" 200
[32mINFO[0m:     [07-02-2025 20:49:08] ::1:52252 - "POST /api/v2/tenants/default_tenant/databases/default_database/collections HTTP/1.1" 200
[32mINFO[0m:     [07-02-2025 20:50:00] ::1:52262 - "GET /api/v2/tenants/default_tenant HTTP/1.1" 200
[32mINFO[0m:     [07-02-2025 20:50:00] ::1:52263 - "GET /api/v2/tenants/default_tenant/databases/default_database HTTP/1.1" 200
[32mINFO[0m:     [07-02-2025 20:50:00] ::1:52262 - "GET /api/v2/tenants/default_tenant/databases/default_database/collections HTTP/1.1" 200
[32mINFO[0m:     [07-02-2025 21:11:14] ::1:52429 - "GET /api/v2/tenants/default_tenant HTTP/1.1" 200
[32mINFO[0m:     [07-02-2025 21:11:14] ::1:52430 - "GET /api/v2/tenants/default_tenant/databases/default_database HTTP/1.1" 200
[36mDEBUG[0m:    [07-02-2025 21:11:14] Collection study_mitra_docs already exists, returning existing collection.
[32mINFO[0m:     [07-02-2025 21:11:14] ::1:52429 - "POST /api/v2/tenants/default_tenant/databases/default_database/collections HTTP/1.1" 200
[36mDEBUG[0m:    [07-02-2025 21:11:16] Starting component PersistentLocalHnswSegment
[32mINFO[0m:     [07-02-2025 21:11:16] ::1:52429 - "POST /api/v2/tenants/default_tenant/databases/default_database/collections/f541cfd9-74cb-4241-8226-f285dc2b9789/add HTTP/1.1" 201
[32mINFO[0m:     [07-02-2025 21:12:02] ::1:52441 - "GET /api/v2/tenants/default_tenant HTTP/1.1" 200
[32mINFO[0m:     [07-02-2025 21:12:03] ::1:52442 - "GET /api/v2/tenants/default_tenant/databases/default_database HTTP/1.1" 200
[36mDEBUG[0m:    [07-02-2025 21:12:03] Collection study_mitra_docs already exists, returning existing collection.
[32mINFO[0m:     [07-02-2025 21:12:03] ::1:52441 - "POST /api/v2/tenants/default_tenant/databases/default_database/collections HTTP/1.1" 200
[32mINFO[0m:     [07-02-2025 21:12:04] ::1:52441 - "POST /api/v2/tenants/default_tenant/databases/default_database/collections/f541cfd9-74cb-4241-8226-f285dc2b9789/add HTTP/1.1" 201
[36mDEBUG[0m:    [07-02-2025 21:12:04] Collection study_mitra_docs already exists, returning existing collection.
[32mINFO[0m:     [07-02-2025 21:12:04] ::1:52442 - "POST /api/v2/tenants/default_tenant/databases/default_database/collections HTTP/1.1" 200
[32mINFO[0m:     [07-02-2025 21:12:05] ::1:52441 - "POST /api/v2/tenants/default_tenant/databases/default_database/collections/f541cfd9-74cb-4241-8226-f285dc2b9789/query HTTP/1.1" 200
[32mINFO[0m:     [07-02-2025 21:14:30] ::1:52466 - "GET /api/v2/tenants/default_tenant HTTP/1.1" 200
[32mINFO[0m:     [07-02-2025 21:14:30] ::1:52467 - "GET /api/v2/tenants/default_tenant/databases/default_database HTTP/1.1" 200
[36mDEBUG[0m:    [07-02-2025 21:14:30] Collection study_mitra_docs already exists, returning existing collection.
[32mINFO[0m:     [07-02-2025 21:14:30] ::1:52466 - "POST /api/v2/tenants/default_tenant/databases/default_database/collections HTTP/1.1" 200
[32mINFO[0m:     [07-02-2025 21:14:31] ::1:52466 - "POST /api/v2/tenants/default_tenant/databases/default_database/collections/f541cfd9-74cb-4241-8226-f285dc2b9789/add HTTP/1.1" 201
[32mINFO[0m:     [07-02-2025 21:14:43] ::1:52471 - "GET /api/v2/tenants/default_tenant HTTP/1.1" 200
[32mINFO[0m:     [07-02-2025 21:14:43] ::1:52472 - "GET /api/v2/tenants/default_tenant/databases/default_database HTTP/1.1" 200
[36mDEBUG[0m:    [07-02-2025 21:14:43] Collection study_mitra_docs already exists, returning existing collection.
[32mINFO[0m:     [07-02-2025 21:14:43] ::1:52471 - "POST /api/v2/tenants/default_tenant/databases/default_database/collections HTTP/1.1" 200
[32mINFO[0m:     [07-02-2025 21:14:45] ::1:52471 - "POST /api/v2/tenants/default_tenant/databases/default_database/collections/f541cfd9-74cb-4241-8226-f285dc2b9789/query HTTP/1.1" 200
[32mINFO[0m:     [07-02-2025 21:19:39] ::1:52513 - "GET /api/v2/tenants/default_tenant HTTP/1.1" 200
[32mINFO[0m:     [07-02-2025 21:19:39] ::1:52514 - "GET /api/v2/tenants/default_tenant/databases/default_database HTTP/1.1" 200
[36mDEBUG[0m:    [07-02-2025 21:19:39] Collection study_mitra_docs already exists, returning existing collection.
[32mINFO[0m:     [07-02-2025 21:19:39] ::1:52513 - "POST /api/v2/tenants/default_tenant/databases/default_database/collections HTTP/1.1" 200
[32mINFO[0m:     [07-02-2025 21:19:39] ::1:52514 - "POST /api/v2/tenants/default_tenant/databases/default_database/collections/f541cfd9-74cb-4241-8226-f285dc2b9789/get HTTP/1.1" 200
[32mINFO[0m:     [07-02-2025 22:40:53] ::1:52865 - "GET /api/v2/tenants/default_tenant HTTP/1.1" 200
[32mINFO[0m:     [07-02-2025 22:40:53] ::1:52866 - "GET /api/v2/tenants/default_tenant/databases/default_database HTTP/1.1" 200
[36mDEBUG[0m:    [07-02-2025 22:40:53] Collection study_mitra_docs already exists, returning existing collection.
[32mINFO[0m:     [07-02-2025 22:40:53] ::1:52865 - "POST /api/v2/tenants/default_tenant/databases/default_database/collections HTTP/1.1" 200
[32mINFO[0m:     [07-02-2025 22:40:53] ::1:52866 - "POST /api/v2/tenants/default_tenant/databases/default_database/collections/f541cfd9-74cb-4241-8226-f285dc2b9789/get HTTP/1.1" 200
[36mDEBUG[0m:    [07-02-2025 22:40:53] Collection study_mitra_docs already exists, returning existing collection.
[32mINFO[0m:     [07-02-2025 22:40:53] ::1:52865 - "POST /api/v2/tenants/default_tenant/databases/default_database/collections HTTP/1.1" 200
[32mINFO[0m:     [07-02-2025 22:41:07] ::1:52873 - "POST /api/v2/tenants/default_tenant/databases/default_database/collections/f541cfd9-74cb-4241-8226-f285dc2b9789/query HTTP/1.1" 200
[32mINFO[0m:     [07-02-2025 22:42:00] ::1:52875 - "GET /api/v2/tenants/default_tenant HTTP/1.1" 200
[32mINFO[0m:     [07-02-2025 22:42:00] ::1:52876 - "GET /api/v2/tenants/default_tenant/databases/default_database HTTP/1.1" 200
[36mDEBUG[0m:    [07-02-2025 22:42:00] Collection study_mitra_docs already exists, returning existing collection.
[32mINFO[0m:     [07-02-2025 22:42:00] ::1:52875 - "POST /api/v2/tenants/default_tenant/databases/default_database/collections HTTP/1.1" 200
[32mINFO[0m:     [07-02-2025 22:42:00] ::1:52876 - "POST /api/v2/tenants/default_tenant/databases/default_database/collections/f541cfd9-74cb-4241-8226-f285dc2b9789/get HTTP/1.1" 200
[36mDEBUG[0m:    [07-02-2025 22:42:00] Collection study_mitra_docs already exists, returning existing collection.
[32mINFO[0m:     [07-02-2025 22:42:00] ::1:52875 - "POST /api/v2/tenants/default_tenant/databases/default_database/collections HTTP/1.1" 200
[32mINFO[0m:     [07-02-2025 22:42:02] ::1:52875 - "POST /api/v2/tenants/default_tenant/databases/default_database/collections/f541cfd9-74cb-4241-8226-f285dc2b9789/query HTTP/1.1" 200
[32mINFO[0m:     [07-02-2025 22:42:17] ::1:52880 - "GET /api/v2/tenants/default_tenant HTTP/1.1" 200
[32mINFO[0m:     [07-02-2025 22:42:17] ::1:52881 - "GET /api/v2/tenants/default_tenant/databases/default_database HTTP/1.1" 200
[36mDEBUG[0m:    [07-02-2025 22:42:17] Collection study_mitra_docs already exists, returning existing collection.
[32mINFO[0m:     [07-02-2025 22:42:17] ::1:52880 - "POST /api/v2/tenants/default_tenant/databases/default_database/collections HTTP/1.1" 200
[32mINFO[0m:     [07-02-2025 22:42:17] ::1:52881 - "POST /api/v2/tenants/default_tenant/databases/default_database/collections/f541cfd9-74cb-4241-8226-f285dc2b9789/get HTTP/1.1" 200
[36mDEBUG[0m:    [07-02-2025 22:42:17] Collection study_mitra_docs already exists, returning existing collection.
[32mINFO[0m:     [07-02-2025 22:42:17] ::1:52880 - "POST /api/v2/tenants/default_tenant/databases/default_database/collections HTTP/1.1" 200
[32mINFO[0m:     [07-02-2025 22:42:18] ::1:52880 - "POST /api/v2/tenants/default_tenant/databases/default_database/collections/f541cfd9-74cb-4241-8226-f285dc2b9789/query HTTP/1.1" 200
[32mINFO[0m:     [07-02-2025 22:42:41] ::1:52886 - "GET /api/v2/tenants/default_tenant HTTP/1.1" 200
[32mINFO[0m:     [07-02-2025 22:42:41] ::1:52887 - "GET /api/v2/tenants/default_tenant/databases/default_database HTTP/1.1" 200
[36mDEBUG[0m:    [07-02-2025 22:42:41] Collection study_mitra_docs already exists, returning existing collection.
[32mINFO[0m:     [07-02-2025 22:42:41] ::1:52886 - "POST /api/v2/tenants/default_tenant/databases/default_database/collections HTTP/1.1" 200
[32mINFO[0m:     [07-02-2025 22:42:41] ::1:52887 - "POST /api/v2/tenants/default_tenant/databases/default_database/collections/f541cfd9-74cb-4241-8226-f285dc2b9789/get HTTP/1.1" 200
[36mDEBUG[0m:    [07-02-2025 22:42:41] Collection study_mitra_docs already exists, returning existing collection.
[32mINFO[0m:     [07-02-2025 22:42:41] ::1:52886 - "POST /api/v2/tenants/default_tenant/databases/default_database/collections HTTP/1.1" 200
[32mINFO[0m:     [07-02-2025 22:42:42] ::1:52886 - "POST /api/v2/tenants/default_tenant/databases/default_database/collections/f541cfd9-74cb-4241-8226-f285dc2b9789/query HTTP/1.1" 200
[32mINFO[0m:     [07-02-2025 23:01:45] ::1:53171 - "GET /api/v2/tenants/default_tenant HTTP/1.1" 200
[32mINFO[0m:     [07-02-2025 23:01:45] ::1:53172 - "GET /api/v2/tenants/default_tenant/databases/default_database HTTP/1.1" 200
[36mDEBUG[0m:    [07-02-2025 23:01:45] Collection study_mitra_docs already exists, returning existing collection.
[32mINFO[0m:     [07-02-2025 23:01:45] ::1:53171 - "POST /api/v2/tenants/default_tenant/databases/default_database/collections HTTP/1.1" 200
[32mINFO[0m:     [07-02-2025 23:01:47] ::1:53171 - "POST /api/v2/tenants/default_tenant/databases/default_database/collections/f541cfd9-74cb-4241-8226-f285dc2b9789/add HTTP/1.1" 201
[32mINFO[0m:     [07-02-2025 23:05:49] ::1:53278 - "GET /api/v2/tenants/default_tenant HTTP/1.1" 200
[32mINFO[0m:     [07-02-2025 23:05:49] ::1:53279 - "GET /api/v2/tenants/default_tenant/databases/default_database HTTP/1.1" 200
[36mDEBUG[0m:    [07-02-2025 23:05:49] Collection study_mitra_docs already exists, returning existing collection.
[32mINFO[0m:     [07-02-2025 23:05:49] ::1:53278 - "POST /api/v2/tenants/default_tenant/databases/default_database/collections HTTP/1.1" 200
[32mINFO[0m:     [07-02-2025 23:05:50] ::1:53278 - "POST /api/v2/tenants/default_tenant/databases/default_database/collections/f541cfd9-74cb-4241-8226-f285dc2b9789/query HTTP/1.1" 400
[32mINFO[0m:     [07-02-2025 23:06:28] ::1:53308 - "GET /api/v2/tenants/default_tenant HTTP/1.1" 200
[32mINFO[0m:     [07-02-2025 23:06:28] ::1:53309 - "GET /api/v2/tenants/default_tenant/databases/default_database HTTP/1.1" 200
[36mDEBUG[0m:    [07-02-2025 23:06:28] Collection study_mitra_docs already exists, returning existing collection.
[32mINFO[0m:     [07-02-2025 23:06:28] ::1:53308 - "POST /api/v2/tenants/default_tenant/databases/default_database/collections HTTP/1.1" 200
[32mINFO[0m:     [07-02-2025 23:06:29] ::1:53308 - "POST /api/v2/tenants/default_tenant/databases/default_database/collections/f541cfd9-74cb-4241-8226-f285dc2b9789/query HTTP/1.1" 200
[36mDEBUG[0m:    [07-02-2025 23:09:23] Collection study_mitra_docs already exists, returning existing collection.
[32mINFO[0m:     [07-02-2025 23:09:23] ::1:53323 - "POST /api/v2/tenants/default_tenant/databases/default_database/collections HTTP/1.1" 200
[32mINFO[0m:     [07-02-2025 23:09:24] ::1:53323 - "POST /api/v2/tenants/default_tenant/databases/default_database/collections/f541cfd9-74cb-4241-8226-f285dc2b9789/add HTTP/1.1" 201
[36mDEBUG[0m:    [07-02-2025 23:09:58] Collection study_mitra_docs already exists, returning existing collection.
[32mINFO[0m:     [07-02-2025 23:09:58] ::1:53348 - "POST /api/v2/tenants/default_tenant/databases/default_database/collections HTTP/1.1" 200
[32mINFO[0m:     [07-02-2025 23:09:59] ::1:53348 - "POST /api/v2/tenants/default_tenant/databases/default_database/collections/f541cfd9-74cb-4241-8226-f285dc2b9789/query HTTP/1.1" 200
[36mDEBUG[0m:    [07-02-2025 23:11:11] Collection study_mitra_docs already exists, returning existing collection.
[32mINFO[0m:     [07-02-2025 23:11:11] ::1:53369 - "POST /api/v2/tenants/default_tenant/databases/default_database/collections HTTP/1.1" 200
[32mINFO[0m:     [07-02-2025 23:11:13] ::1:53369 - "POST /api/v2/tenants/default_tenant/databases/default_database/collections/f541cfd9-74cb-4241-8226-f285dc2b9789/add HTTP/1.1" 201
[36mDEBUG[0m:    [07-02-2025 23:12:23] Collection study_mitra_docs already exists, returning existing collection.
[32mINFO[0m:     [07-02-2025 23:12:23] ::1:53382 - "POST /api/v2/tenants/default_tenant/databases/default_database/collections HTTP/1.1" 200
[32mINFO[0m:     [07-02-2025 23:12:24] ::1:53382 - "POST /api/v2/tenants/default_tenant/databases/default_database/collections/f541cfd9-74cb-4241-8226-f285dc2b9789/query HTTP/1.1" 200
[36mDEBUG[0m:    [07-02-2025 23:12:45] Collection study_mitra_docs already exists, returning existing collection.
[32mINFO[0m:     [07-02-2025 23:12:45] ::1:53394 - "POST /api/v2/tenants/default_tenant/databases/default_database/collections HTTP/1.1" 200
[32mINFO[0m:     [07-02-2025 23:12:46] ::1:53394 - "POST /api/v2/tenants/default_tenant/databases/default_database/collections/f541cfd9-74cb-4241-8226-f285dc2b9789/query HTTP/1.1" 200
[32mINFO[0m:     [07-02-2025 23:31:08] ::1:53538 - "GET /api/v2/tenants/default_tenant HTTP/1.1" 200
[32mINFO[0m:     [07-02-2025 23:31:08] ::1:53539 - "GET /api/v2/tenants/default_tenant/databases/default_database HTTP/1.1" 200
[36mDEBUG[0m:    [07-02-2025 23:31:08] Collection study_mitra_docs already exists, returning existing collection.
[32mINFO[0m:     [07-02-2025 23:31:08] ::1:53538 - "POST /api/v2/tenants/default_tenant/databases/default_database/collections HTTP/1.1" 200
[32mINFO[0m:     [07-02-2025 23:31:09] ::1:53538 - "POST /api/v2/tenants/default_tenant/databases/default_database/collections/f541cfd9-74cb-4241-8226-f285dc2b9789/add HTTP/1.1" 201
[32mINFO[0m:     [07-02-2025 23:31:57] ::1:53574 - "GET /api/v2/tenants/default_tenant HTTP/1.1" 200
[32mINFO[0m:     [07-02-2025 23:31:57] ::1:53575 - "GET /api/v2/tenants/default_tenant/databases/default_database HTTP/1.1" 200
[36mDEBUG[0m:    [07-02-2025 23:31:57] Collection study_mitra_docs already exists, returning existing collection.
[32mINFO[0m:     [07-02-2025 23:31:57] ::1:53574 - "POST /api/v2/tenants/default_tenant/databases/default_database/collections HTTP/1.1" 200
[32mINFO[0m:     [07-02-2025 23:31:58] ::1:53574 - "POST /api/v2/tenants/default_tenant/databases/default_database/collections/f541cfd9-74cb-4241-8226-f285dc2b9789/query HTTP/1.1" 400
[32mINFO[0m:     [07-02-2025 23:33:05] ::1:53601 - "GET /api/v2/tenants/default_tenant HTTP/1.1" 200
[32mINFO[0m:     [07-02-2025 23:33:05] ::1:53602 - "GET /api/v2/tenants/default_tenant/databases/default_database HTTP/1.1" 200
[36mDEBUG[0m:    [07-02-2025 23:33:05] Collection study_mitra_docs already exists, returning existing collection.
[32mINFO[0m:     [07-02-2025 23:33:05] ::1:53601 - "POST /api/v2/tenants/default_tenant/databases/default_database/collections HTTP/1.1" 200
[32mINFO[0m:     [07-02-2025 23:33:06] ::1:53601 - "POST /api/v2/tenants/default_tenant/databases/default_database/collections/f541cfd9-74cb-4241-8226-f285dc2b9789/query HTTP/1.1" 400
[32mINFO[0m:     [07-02-2025 23:35:02] ::1:53677 - "GET /api/v2/tenants/default_tenant HTTP/1.1" 200
[32mINFO[0m:     [07-02-2025 23:35:02] ::1:53678 - "GET /api/v2/tenants/default_tenant/databases/default_database HTTP/1.1" 200
[36mDEBUG[0m:    [07-02-2025 23:35:02] Collection study_mitra_docs already exists, returning existing collection.
[32mINFO[0m:     [07-02-2025 23:35:02] ::1:53677 - "POST /api/v2/tenants/default_tenant/databases/default_database/collections HTTP/1.1" 200
[32mINFO[0m:     [07-02-2025 23:35:03] ::1:53677 - "POST /api/v2/tenants/default_tenant/databases/default_database/collections/f541cfd9-74cb-4241-8226-f285dc2b9789/query HTTP/1.1" 400
[32mINFO[0m:     [07-02-2025 23:36:03] ::1:53706 - "GET /api/v2/tenants/default_tenant HTTP/1.1" 200
[32mINFO[0m:     [07-02-2025 23:36:03] ::1:53707 - "GET /api/v2/tenants/default_tenant/databases/default_database HTTP/1.1" 200
[36mDEBUG[0m:    [07-02-2025 23:36:03] Collection study_mitra_docs already exists, returning existing collection.
[32mINFO[0m:     [07-02-2025 23:36:03] ::1:53706 - "POST /api/v2/tenants/default_tenant/databases/default_database/collections HTTP/1.1" 200
[32mINFO[0m:     [07-02-2025 23:36:04] ::1:53706 - "POST /api/v2/tenants/default_tenant/databases/default_database/collections/f541cfd9-74cb-4241-8226-f285dc2b9789/query HTTP/1.1" 200
[32mINFO[0m:     [07-02-2025 23:39:43] ::1:53745 - "GET /api/v2/tenants/default_tenant HTTP/1.1" 200
[32mINFO[0m:     [07-02-2025 23:39:43] ::1:53746 - "GET /api/v2/tenants/default_tenant/databases/default_database HTTP/1.1" 200
[36mDEBUG[0m:    [07-02-2025 23:39:43] Collection study_mitra_docs already exists, returning existing collection.
[32mINFO[0m:     [07-02-2025 23:39:43] ::1:53745 - "POST /api/v2/tenants/default_tenant/databases/default_database/collections HTTP/1.1" 200
[32mINFO[0m:     [07-02-2025 23:39:44] ::1:53745 - "POST /api/v2/tenants/default_tenant/databases/default_database/collections/f541cfd9-74cb-4241-8226-f285dc2b9789/add HTTP/1.1" 201
[36mDEBUG[0m:    [07-02-2025 23:39:56] Collection study_mitra_docs already exists, returning existing collection.
[32mINFO[0m:     [07-02-2025 23:39:56] ::1:53762 - "POST /api/v2/tenants/default_tenant/databases/default_database/collections HTTP/1.1" 200
[32mINFO[0m:     [07-02-2025 23:39:57] ::1:53762 - "POST /api/v2/tenants/default_tenant/databases/default_database/collections/f541cfd9-74cb-4241-8226-f285dc2b9789/query HTTP/1.1" 200
[36mDEBUG[0m:    [07-02-2025 23:40:10] Collection study_mitra_docs already exists, returning existing collection.
[32mINFO[0m:     [07-02-2025 23:40:10] ::1:53774 - "POST /api/v2/tenants/default_tenant/databases/default_database/collections HTTP/1.1" 200
[32mINFO[0m:     [07-02-2025 23:40:11] ::1:53774 - "POST /api/v2/tenants/default_tenant/databases/default_database/collections/f541cfd9-74cb-4241-8226-f285dc2b9789/query HTTP/1.1" 200
[36mDEBUG[0m:    [07-02-2025 23:40:21] Collection study_mitra_docs already exists, returning existing collection.
[32mINFO[0m:     [07-02-2025 23:40:21] ::1:53785 - "POST /api/v2/tenants/default_tenant/databases/default_database/collections HTTP/1.1" 200
[32mINFO[0m:     [07-02-2025 23:40:22] ::1:53785 - "POST /api/v2/tenants/default_tenant/databases/default_database/collections/f541cfd9-74cb-4241-8226-f285dc2b9789/query HTTP/1.1" 200
[36mDEBUG[0m:    [07-02-2025 23:42:12] Collection study_mitra_docs already exists, returning existing collection.
[32mINFO[0m:     [07-02-2025 23:42:12] ::1:53799 - "POST /api/v2/tenants/default_tenant/databases/default_database/collections HTTP/1.1" 200
[32mINFO[0m:     [07-02-2025 23:42:13] ::1:53799 - "POST /api/v2/tenants/default_tenant/databases/default_database/collections/f541cfd9-74cb-4241-8226-f285dc2b9789/add HTTP/1.1" 201
[36mDEBUG[0m:    [07-02-2025 23:42:18] Collection study_mitra_docs already exists, returning existing collection.
[32mINFO[0m:     [07-02-2025 23:42:18] ::1:53808 - "POST /api/v2/tenants/default_tenant/databases/default_database/collections HTTP/1.1" 200
[32mINFO[0m:     [07-02-2025 23:42:18] ::1:53808 - "POST /api/v2/tenants/default_tenant/databases/default_database/collections/f541cfd9-74cb-4241-8226-f285dc2b9789/query HTTP/1.1" 200
[36mDEBUG[0m:    [07-02-2025 23:42:25] Collection study_mitra_docs already exists, returning existing collection.
[32mINFO[0m:     [07-02-2025 23:42:25] ::1:53813 - "POST /api/v2/tenants/default_tenant/databases/default_database/collections HTTP/1.1" 200
[32mINFO[0m:     [07-02-2025 23:42:26] ::1:53813 - "POST /api/v2/tenants/default_tenant/databases/default_database/collections/f541cfd9-74cb-4241-8226-f285dc2b9789/query HTTP/1.1" 200
[36mDEBUG[0m:    [07-02-2025 23:42:28] Collection study_mitra_docs already exists, returning existing collection.
[32mINFO[0m:     [07-02-2025 23:42:28] ::1:53813 - "POST /api/v2/tenants/default_tenant/databases/default_database/collections HTTP/1.1" 200
[32mINFO[0m:     [07-02-2025 23:42:29] ::1:53813 - "POST /api/v2/tenants/default_tenant/databases/default_database/collections/f541cfd9-74cb-4241-8226-f285dc2b9789/query HTTP/1.1" 200
[36mDEBUG[0m:    [07-02-2025 23:50:22] Collection study_mitra_docs already exists, returning existing collection.
[32mINFO[0m:     [07-02-2025 23:50:22] ::1:53895 - "POST /api/v2/tenants/default_tenant/databases/default_database/collections HTTP/1.1" 200
[32mINFO[0m:     [07-02-2025 23:50:23] ::1:53895 - "POST /api/v2/tenants/default_tenant/databases/default_database/collections/f541cfd9-74cb-4241-8226-f285dc2b9789/query HTTP/1.1" 200
[32mINFO[0m:     [08-02-2025 01:09:52] ::1:54273 - "GET /api/v2/tenants/default_tenant HTTP/1.1" 200
[32mINFO[0m:     [08-02-2025 01:09:52] ::1:54274 - "GET /api/v2/tenants/default_tenant/databases/default_database HTTP/1.1" 200
[36mDEBUG[0m:    [08-02-2025 01:09:52] Collection study_mitra_docs already exists, returning existing collection.
[32mINFO[0m:     [08-02-2025 01:09:52] ::1:54273 - "POST /api/v2/tenants/default_tenant/databases/default_database/collections HTTP/1.1" 200
[32mINFO[0m:     [08-02-2025 01:09:54] ::1:54273 - "POST /api/v2/tenants/default_tenant/databases/default_database/collections/f541cfd9-74cb-4241-8226-f285dc2b9789/add HTTP/1.1" 201
[36mDEBUG[0m:    [08-02-2025 01:10:31] Collection study_mitra_docs already exists, returning existing collection.
[32mINFO[0m:     [08-02-2025 01:10:31] ::1:54292 - "POST /api/v2/tenants/default_tenant/databases/default_database/collections HTTP/1.1" 200
[32mINFO[0m:     [08-02-2025 01:10:33] ::1:54292 - "POST /api/v2/tenants/default_tenant/databases/default_database/collections/f541cfd9-74cb-4241-8226-f285dc2b9789/add HTTP/1.1" 201
[36mDEBUG[0m:    [08-02-2025 01:23:43] Collection study_mitra_docs already exists, returning existing collection.
[32mINFO[0m:     [08-02-2025 01:23:43] ::1:54418 - "POST /api/v2/tenants/default_tenant/databases/default_database/collections HTTP/1.1" 200
[32mINFO[0m:     [08-02-2025 01:23:44] ::1:54418 - "POST /api/v2/tenants/default_tenant/databases/default_database/collections/f541cfd9-74cb-4241-8226-f285dc2b9789/add HTTP/1.1" 201
[36mDEBUG[0m:    [08-02-2025 01:24:07] Collection study_mitra_docs already exists, returning existing collection.
[32mINFO[0m:     [08-02-2025 01:24:07] ::1:54430 - "POST /api/v2/tenants/default_tenant/databases/default_database/collections HTTP/1.1" 200
[32mINFO[0m:     [08-02-2025 01:24:09] ::1:54430 - "POST /api/v2/tenants/default_tenant/databases/default_database/collections/f541cfd9-74cb-4241-8226-f285dc2b9789/add HTTP/1.1" 201
[36mDEBUG[0m:    [08-02-2025 01:24:39] Collection study_mitra_docs already exists, returning existing collection.
[32mINFO[0m:     [08-02-2025 01:24:39] ::1:54440 - "POST /api/v2/tenants/default_tenant/databases/default_database/collections HTTP/1.1" 200
[32mINFO[0m:     [08-02-2025 01:24:41] ::1:54440 - "POST /api/v2/tenants/default_tenant/databases/default_database/collections/f541cfd9-74cb-4241-8226-f285dc2b9789/query HTTP/1.1" 200
[36mDEBUG[0m:    [08-02-2025 01:24:50] Collection study_mitra_docs already exists, returning existing collection.
[32mINFO[0m:     [08-02-2025 01:24:50] ::1:54451 - "POST /api/v2/tenants/default_tenant/databases/default_database/collections HTTP/1.1" 200
[32mINFO[0m:     [08-02-2025 01:24:52] ::1:54451 - "POST /api/v2/tenants/default_tenant/databases/default_database/collections/f541cfd9-74cb-4241-8226-f285dc2b9789/query HTTP/1.1" 200
[32mINFO[0m:     [08-02-2025 01:55:59] ::1:54726 - "GET /api/v2/tenants/default_tenant HTTP/1.1" 200
[32mINFO[0m:     [08-02-2025 01:55:59] ::1:54727 - "GET /api/v2/tenants/default_tenant/databases/default_database HTTP/1.1" 200
[36mDEBUG[0m:    [08-02-2025 01:55:59] Collection study_mitra_docs already exists, returning existing collection.
[32mINFO[0m:     [08-02-2025 01:55:59] ::1:54726 - "POST /api/v2/tenants/default_tenant/databases/default_database/collections HTTP/1.1" 200
[32mINFO[0m:     [08-02-2025 01:56:01] ::1:54726 - "POST /api/v2/tenants/default_tenant/databases/default_database/collections/f541cfd9-74cb-4241-8226-f285dc2b9789/add HTTP/1.1" 201
[36mDEBUG[0m:    [08-02-2025 01:56:39] Collection study_mitra_docs already exists, returning existing collection.
[32mINFO[0m:     [08-02-2025 01:56:39] ::1:54756 - "POST /api/v2/tenants/default_tenant/databases/default_database/collections HTTP/1.1" 200
[32mINFO[0m:     [08-02-2025 01:56:40] ::1:54756 - "POST /api/v2/tenants/default_tenant/databases/default_database/collections/f541cfd9-74cb-4241-8226-f285dc2b9789/query HTTP/1.1" 200
[36mDEBUG[0m:    [08-02-2025 02:08:53] Collection study_mitra_docs already exists, returning existing collection.
[32mINFO[0m:     [08-02-2025 02:08:53] ::1:54978 - "POST /api/v2/tenants/default_tenant/databases/default_database/collections HTTP/1.1" 200
